<?xml version="1.0" encoding="UTF-8"?>
<!-- Generated by org.testng.reporters.JUnitXMLReporter -->
<testsuite ignored="2" hostname="Abhishek" failures="0" tests="4" name="Test" time="4.808" errors="0" timestamp="2025-04-17T18:12:27 IST">
  <testcase classname="com.ninza.hrm.api.employeetest.EmployeeTest" name="addEmployeTest" time="3.163"/>
  <testcase classname="com.ninza.hrm.api.employeetest.EmployeeTest" name="addEmployeWithOutEmailTest" time="0.095"/>
  <testcase classname="com.ninza.hrm.api.projecttest.ProjectTest" name="addSingleProjectWithCreated" time="1.385"/>
  <testcase classname="com.ninza.hrm.api.projecttest.ProjectTest" name="createDuplicateProjectTest" time="0.041"/>
  <testcase classname="com.ninza.hrm.api.baseClass.BaseAPI" name="@AfterSuite configAS" time="0.0">
    <ignored/>
  </testcase> <!-- @AfterSuite configAS -->
  <testcase classname="com.ninza.hrm.api.baseClass.BaseAPI" name="@BeforeSuite configBS" time="0.0">
    <ignored/>
  </testcase> <!-- @BeforeSuite configBS -->
</testsuite> <!-- Test -->
