<?xml version="1.0" encoding="UTF-8"?>
<testng-results ignored="0" total="4" passed="4" failed="0" skipped="0">
  <reporter-output>
  </reporter-output>
  <suite started-at="2025-04-18T14:51:04 IST" name="Suite" finished-at="2025-04-18T14:51:08 IST" duration-ms="4041">
    <groups>
    </groups>
    <test started-at="2025-04-18T14:51:04 IST" name="Test" finished-at="2025-04-18T14:51:08 IST" duration-ms="4041">
      <class name="com.ninza.hrm.api.projecttest.ProjectTest">
        <test-method signature="addSingleProjectWithCreated()[pri:0, instance:com.ninza.hrm.api.projecttest.ProjectTest@5db6b9cd]" started-at="2025-04-18T14:51:07 IST" name="addSingleProjectWithCreated" finished-at="2025-04-18T14:51:08 IST" duration-ms="1212" status="PASS">
          <reporter-output>
          </reporter-output>
        </test-method> <!-- addSingleProjectWithCreated -->
        <test-method signature="createDuplicateProjectTest()[pri:0, instance:com.ninza.hrm.api.projecttest.ProjectTest@5db6b9cd]" started-at="2025-04-18T14:51:08 IST" name="createDuplicateProjectTest" finished-at="2025-04-18T14:51:08 IST" depends-on-methods="com.ninza.hrm.api.projecttest.ProjectTest.addSingleProjectWithCreated" duration-ms="241" status="PASS">
          <reporter-output>
          </reporter-output>
        </test-method> <!-- createDuplicateProjectTest -->
      </class> <!-- com.ninza.hrm.api.projecttest.ProjectTest -->
      <class name="com.ninza.hrm.api.employeetest.EmployeeTest">
        <test-method is-config="true" signature="configBS()[pri:0, instance:com.ninza.hrm.api.employeetest.EmployeeTest@624ea235]" started-at="2025-04-18T14:51:02 IST" name="configBS" finished-at="2025-04-18T14:51:04 IST" duration-ms="1595" status="PASS">
          <reporter-output>
          </reporter-output>
        </test-method> <!-- configBS -->
        <test-method signature="addEmployeTest()[pri:0, instance:com.ninza.hrm.api.employeetest.EmployeeTest@624ea235]" started-at="2025-04-18T14:51:04 IST" name="addEmployeTest" finished-at="2025-04-18T14:51:06 IST" duration-ms="2428" status="PASS">
          <reporter-output>
          </reporter-output>
        </test-method> <!-- addEmployeTest -->
        <test-method signature="addEmployeWithOutEmailTest()[pri:0, instance:com.ninza.hrm.api.employeetest.EmployeeTest@624ea235]" started-at="2025-04-18T14:51:06 IST" name="addEmployeWithOutEmailTest" finished-at="2025-04-18T14:51:07 IST" duration-ms="64" status="PASS">
          <reporter-output>
          </reporter-output>
        </test-method> <!-- addEmployeWithOutEmailTest -->
        <test-method is-config="true" signature="configAS()[pri:0, instance:com.ninza.hrm.api.employeetest.EmployeeTest@624ea235]" started-at="2025-04-18T14:51:08 IST" name="configAS" finished-at="2025-04-18T14:51:08 IST" duration-ms="11" status="PASS">
          <reporter-output>
          </reporter-output>
        </test-method> <!-- configAS -->
      </class> <!-- com.ninza.hrm.api.employeetest.EmployeeTest -->
    </test> <!-- Test -->
  </suite> <!-- Suite -->
</testng-results>
