<?xml version="1.0" encoding="UTF-8"?>
<testng-results ignored="0" total="4" passed="4" failed="0" skipped="0">
  <reporter-output>
  </reporter-output>
  <suite started-at="2025-04-17T17:46:33 IST" name="Suite" finished-at="2025-04-17T17:46:37 IST" duration-ms="4691">
    <groups>
    </groups>
    <test started-at="2025-04-17T17:46:33 IST" name="Test" finished-at="2025-04-17T17:46:37 IST" duration-ms="4691">
      <class name="com.ninza.hrm.api.projecttest.ProjectTest">
        <test-method signature="addSingleProjectWithCreated()[pri:0, instance:com.ninza.hrm.api.projecttest.ProjectTest@5db6b9cd]" started-at="2025-04-17T17:46:36 IST" name="addSingleProjectWithCreated" finished-at="2025-04-17T17:46:37 IST" duration-ms="1249" status="PASS">
          <reporter-output>
          </reporter-output>
        </test-method> <!-- addSingleProjectWithCreated -->
        <test-method signature="createDuplicateProjectTest()[pri:0, instance:com.ninza.hrm.api.projecttest.ProjectTest@5db6b9cd]" started-at="2025-04-17T17:46:37 IST" name="createDuplicateProjectTest" finished-at="2025-04-17T17:46:37 IST" depends-on-methods="com.ninza.hrm.api.projecttest.ProjectTest.addSingleProjectWithCreated" duration-ms="49" status="PASS">
          <reporter-output>
          </reporter-output>
        </test-method> <!-- createDuplicateProjectTest -->
      </class> <!-- com.ninza.hrm.api.projecttest.ProjectTest -->
      <class name="com.ninza.hrm.api.employeetest.EmployeeTest">
        <test-method is-config="true" signature="configBS()[pri:0, instance:com.ninza.hrm.api.employeetest.EmployeeTest@624ea235]" started-at="2025-04-17T17:46:31 IST" name="configBS" finished-at="2025-04-17T17:46:33 IST" duration-ms="1926" status="PASS">
          <reporter-output>
          </reporter-output>
        </test-method> <!-- configBS -->
        <test-method signature="addEmployeTest()[pri:0, instance:com.ninza.hrm.api.employeetest.EmployeeTest@624ea235]" started-at="2025-04-17T17:46:33 IST" name="addEmployeTest" finished-at="2025-04-17T17:46:36 IST" duration-ms="3163" status="PASS">
          <reporter-output>
          </reporter-output>
        </test-method> <!-- addEmployeTest -->
        <test-method signature="addEmployeWithOutEmailTest()[pri:0, instance:com.ninza.hrm.api.employeetest.EmployeeTest@624ea235]" started-at="2025-04-17T17:46:36 IST" name="addEmployeWithOutEmailTest" finished-at="2025-04-17T17:46:36 IST" duration-ms="93" status="PASS">
          <reporter-output>
          </reporter-output>
        </test-method> <!-- addEmployeWithOutEmailTest -->
        <test-method is-config="true" signature="configAS()[pri:0, instance:com.ninza.hrm.api.employeetest.EmployeeTest@624ea235]" started-at="2025-04-17T17:46:37 IST" name="configAS" finished-at="2025-04-17T17:46:37 IST" duration-ms="15" status="PASS">
          <reporter-output>
          </reporter-output>
        </test-method> <!-- configAS -->
      </class> <!-- com.ninza.hrm.api.employeetest.EmployeeTest -->
    </test> <!-- Test -->
  </suite> <!-- Suite -->
</testng-results>
