<?xml version="1.0" encoding="UTF-8"?>
<testng-results ignored="0" total="4" passed="4" failed="0" skipped="0">
  <reporter-output>
  </reporter-output>
  <suite started-at="2025-04-18T14:51:44 IST" name="Suite" finished-at="2025-04-18T14:51:48 IST" duration-ms="3760">
    <groups>
    </groups>
    <test started-at="2025-04-18T14:51:44 IST" name="Test" finished-at="2025-04-18T14:51:48 IST" duration-ms="3760">
      <class name="com.ninza.hrm.api.projecttest.ProjectTest">
        <test-method signature="addSingleProjectWithCreated()[pri:0, instance:com.ninza.hrm.api.projecttest.ProjectTest@49139829]" started-at="2025-04-18T14:51:46 IST" name="addSingleProjectWithCreated" finished-at="2025-04-18T14:51:47 IST" duration-ms="1210" status="PASS">
          <reporter-output>
          </reporter-output>
        </test-method> <!-- addSingleProjectWithCreated -->
        <test-method signature="createDuplicateProjectTest()[pri:0, instance:com.ninza.hrm.api.projecttest.ProjectTest@49139829]" started-at="2025-04-18T14:51:47 IST" name="createDuplicateProjectTest" finished-at="2025-04-18T14:51:48 IST" depends-on-methods="com.ninza.hrm.api.projecttest.ProjectTest.addSingleProjectWithCreated" duration-ms="90" status="PASS">
          <reporter-output>
          </reporter-output>
        </test-method> <!-- createDuplicateProjectTest -->
      </class> <!-- com.ninza.hrm.api.projecttest.ProjectTest -->
      <class name="com.ninza.hrm.api.employeetest.EmployeeTest">
        <test-method is-config="true" signature="configBS()[pri:0, instance:com.ninza.hrm.api.employeetest.EmployeeTest@7f0eb4b4]" started-at="2025-04-18T14:51:42 IST" name="configBS" finished-at="2025-04-18T14:51:44 IST" duration-ms="1288" status="PASS">
          <reporter-output>
          </reporter-output>
        </test-method> <!-- configBS -->
        <test-method signature="addEmployeTest()[pri:0, instance:com.ninza.hrm.api.employeetest.EmployeeTest@7f0eb4b4]" started-at="2025-04-18T14:51:44 IST" name="addEmployeTest" finished-at="2025-04-18T14:51:46 IST" duration-ms="2298" status="PASS">
          <reporter-output>
          </reporter-output>
        </test-method> <!-- addEmployeTest -->
        <test-method signature="addEmployeWithOutEmailTest()[pri:0, instance:com.ninza.hrm.api.employeetest.EmployeeTest@7f0eb4b4]" started-at="2025-04-18T14:51:46 IST" name="addEmployeWithOutEmailTest" finished-at="2025-04-18T14:51:46 IST" duration-ms="87" status="PASS">
          <reporter-output>
          </reporter-output>
        </test-method> <!-- addEmployeWithOutEmailTest -->
        <test-method is-config="true" signature="configAS()[pri:0, instance:com.ninza.hrm.api.employeetest.EmployeeTest@7f0eb4b4]" started-at="2025-04-18T14:51:48 IST" name="configAS" finished-at="2025-04-18T14:51:48 IST" duration-ms="9" status="PASS">
          <reporter-output>
          </reporter-output>
        </test-method> <!-- configAS -->
      </class> <!-- com.ninza.hrm.api.employeetest.EmployeeTest -->
    </test> <!-- Test -->
  </suite> <!-- Suite -->
</testng-results>
